[debug] [2025-08-15T05:24:11.307Z] ----------------------------------------------------------------------
[debug] [2025-08-15T05:24:11.309Z] Command:       /nix/store/ws50yvm6vzlzf7jzz6n7xh4szddrack1-nodejs-20.19.1/bin/node /home/user/.global_modules/bin/firebase init hosting
[debug] [2025-08-15T05:24:11.310Z] CLI Version:   14.12.0
[debug] [2025-08-15T05:24:11.310Z] Platform:      linux
[debug] [2025-08-15T05:24:11.310Z] Node Version:  v20.19.1
[debug] [2025-08-15T05:24:11.310Z] Time:          Fri Aug 15 2025 05:24:11 GMT+0000 (Coordinated Universal Time)
[debug] [2025-08-15T05:24:11.310Z] ----------------------------------------------------------------------
[debug] 
[debug] [2025-08-15T05:24:11.312Z] >>> [apiv2][query] GET https://firebase-public.firebaseio.com/cli.json [none]
[debug] [2025-08-15T05:24:11.346Z] No OAuth tokens found
[debug] [2025-08-15T05:24:11.346Z] No OAuth tokens found
[error] Failed to fetch Firebase Project from current Studio Workspace: Unable to refresh auth: not yet authenticated.
[debug] [2025-08-15T05:24:11.351Z] > command requires scopes: ["email","openid","https://www.googleapis.com/auth/cloudplatformprojects.readonly","https://www.googleapis.com/auth/firebase","https://www.googleapis.com/auth/cloud-platform","https://www.googleapis.com/auth/userinfo.email"]
[debug] [2025-08-15T05:24:11.701Z] <<< [apiv2][status] GET https://firebase-public.firebaseio.com/cli.json 200
[debug] [2025-08-15T05:24:11.702Z] <<< [apiv2][body] GET https://firebase-public.firebaseio.com/cli.json {"cloudBuildErrorAfter":1594252800000,"cloudBuildWarnAfter":1590019200000,"defaultNode10After":1594252800000,"minVersion":"3.0.5","node8DeploysDisabledAfter":1613390400000,"node8RuntimeDisabledAfter":1615809600000,"node8WarnAfter":1600128000000}
[debug] [2025-08-15T05:26:00.643Z] Running auto auth
[info] 
     ######## #### ########  ######## ########     ###     ######  ########
     ##        ##  ##     ## ##       ##     ##  ##   ##  ##       ##
     ######    ##  ########  ######   ########  #########  ######  ######
     ##        ##  ##    ##  ##       ##     ## ##     ##       ## ##
     ##       #### ##     ## ######## ########  ##     ##  ######  ########

You're about to initialize a Firebase project in this directory:

  /home/user/studio/lucky-winner

[info] 
=== Project Setup
[info] 
[info] First, let's associate this project directory with a Firebase project.
[info] You can create multiple project aliases by running firebase use --add, 
[info] but for now we'll just set up a default project.
[info] 
